0 info it worked if it ends with ok
1 verbose cli [ '/home/adminuser/.nvm/versions/node/v7.5.0/bin/node',
1 verbose cli   '/home/adminuser/.nvm/versions/node/v7.5.0/bin/npm',
1 verbose cli   'run',
1 verbose cli   'test' ]
2 info using npm@4.1.2
3 info using node@v7.5.0
4 verbose run-script [ 'pretest', 'test', 'posttest' ]
5 info lifecycle atrapalo_frontend_test@0.0.1~pretest: atrapalo_frontend_test@0.0.1
6 silly lifecycle atrapalo_frontend_test@0.0.1~pretest: no script for pretest, continuing
7 info lifecycle atrapalo_frontend_test@0.0.1~test: atrapalo_frontend_test@0.0.1
8 verbose lifecycle atrapalo_frontend_test@0.0.1~test: unsafe-perm in lifecycle true
9 verbose lifecycle atrapalo_frontend_test@0.0.1~test: PATH: /home/adminuser/.nvm/versions/node/v7.5.0/lib/node_modules/npm/bin/node-gyp-bin:/home/adminuser/Documents/DFB/repositories/atrapalo/node_modules/.bin:/home/adminuser/.nvm/versions/node/v7.5.0/bin:/opt/IBM/WebSphere/AppServer/java/bin:/usr/local/sbin:/usr/local/bin:/usr/sbin:/usr/bin:/sbin:/bin:/usr/games:/usr/local/games:.
10 verbose lifecycle atrapalo_frontend_test@0.0.1~test: CWD: /home/adminuser/Documents/DFB/repositories/atrapalo
11 silly lifecycle atrapalo_frontend_test@0.0.1~test: Args: [ '-c',
11 silly lifecycle   'mocha ./src/**/test/*.js --compilers js:babel-core/register  --recursive' ]
12 silly lifecycle atrapalo_frontend_test@0.0.1~test: Returned: code: 1  signal: null
13 info lifecycle atrapalo_frontend_test@0.0.1~test: Failed to exec test script
14 verbose stack Error: atrapalo_frontend_test@0.0.1 test: `mocha ./src/**/test/*.js --compilers js:babel-core/register  --recursive`
14 verbose stack Exit status 1
14 verbose stack     at EventEmitter.<anonymous> (/home/adminuser/.nvm/versions/node/v7.5.0/lib/node_modules/npm/lib/utils/lifecycle.js:279:16)
14 verbose stack     at emitTwo (events.js:106:13)
14 verbose stack     at EventEmitter.emit (events.js:192:7)
14 verbose stack     at ChildProcess.<anonymous> (/home/adminuser/.nvm/versions/node/v7.5.0/lib/node_modules/npm/lib/utils/spawn.js:40:14)
14 verbose stack     at emitTwo (events.js:106:13)
14 verbose stack     at ChildProcess.emit (events.js:192:7)
14 verbose stack     at maybeClose (internal/child_process.js:890:16)
14 verbose stack     at Process.ChildProcess._handle.onexit (internal/child_process.js:226:5)
15 verbose pkgid atrapalo_frontend_test@0.0.1
16 verbose cwd /home/adminuser/Documents/DFB/repositories/atrapalo
17 error Linux 3.13.0-107-generic
18 error argv "/home/adminuser/.nvm/versions/node/v7.5.0/bin/node" "/home/adminuser/.nvm/versions/node/v7.5.0/bin/npm" "run" "test"
19 error node v7.5.0
20 error npm  v4.1.2
21 error code ELIFECYCLE
22 error atrapalo_frontend_test@0.0.1 test: `mocha ./src/**/test/*.js --compilers js:babel-core/register  --recursive`
22 error Exit status 1
23 error Failed at the atrapalo_frontend_test@0.0.1 test script 'mocha ./src/**/test/*.js --compilers js:babel-core/register  --recursive'.
23 error Make sure you have the latest version of node.js and npm installed.
23 error If you do, this is most likely a problem with the atrapalo_frontend_test package,
23 error not with npm itself.
23 error Tell the author that this fails on your system:
23 error     mocha ./src/**/test/*.js --compilers js:babel-core/register  --recursive
23 error You can get information on how to open an issue for this project with:
23 error     npm bugs atrapalo_frontend_test
23 error Or if that isn't available, you can get their info via:
23 error     npm owner ls atrapalo_frontend_test
23 error There is likely additional logging output above.
24 verbose exit [ 1, true ]
